<?xml version="1.0" encoding="UTF-8"?>
<!-- Generated by org.testng.reporters.JUnitReportReporter -->
<testsuite hostname="DESKTOP-NSJBH3G" failures="0" tests="1" name="com.merchant.login.LoginMerchantTest" time="9.003" errors="0" timestamp="2023-02-22T12:04:13 IST" skipped="0">
  <testcase classname="com.merchant.login.LoginMerchantTest" name="merchantlogin" time="9.003"/>
  <system-out/>
</testsuite> <!-- com.merchant.login.LoginMerchantTest -->
